<?xml version="1.0" encoding="UTF-8"?>
<!-- Generated by org.testng.reporters.JUnitReportReporter -->
<testsuite hostname="sandhya-rai.lan" name="Xero_Pack.Xero_Test" tests="1" failures="0" timestamp="23 Mar 2020 15:25:30 GMT" time="4.199" errors="0">
  <testcase name="TC_ID_01_D_ForgotPasswordTOXero" time="4.199" classname="Xero_Pack.Xero_Test"/>
</testsuite> <!-- Xero_Pack.Xero_Test -->
