<?xml version="1.0" encoding="UTF-8"?>
<!-- Generated by org.testng.reporters.JUnitReportReporter -->
<testsuite hostname="sandhya-rai.lan" name="Xero_Pack.Xero_Test" tests="1" failures="0" timestamp="22 Mar 2020 20:53:24 GMT" time="14.835" errors="0">
  <testcase name="TC_ID_01_A_NavigateTOXero" time="14.835" classname="Xero_Pack.Xero_Test"/>
</testsuite> <!-- Xero_Pack.Xero_Test -->
