<?xml version="1.0" encoding="UTF-8"?>
<!-- Generated by org.testng.reporters.JUnitReportReporter -->
<testsuite hostname="sandhya-rai.lan" name="Xero_Pack.Xero_Test" tests="1" failures="0" timestamp="23 Mar 2020 13:39:58 GMT" time="14.230" errors="0">
  <testcase name="TC_ID_01_A_NavigateTOXero" time="14.230" classname="Xero_Pack.Xero_Test"/>
</testsuite> <!-- Xero_Pack.Xero_Test -->
