<?xml version="1.0" encoding="UTF-8"?>
<!-- Generated by org.testng.reporters.JUnitReportReporter -->
<testsuite skipped="0" hostname="sandhya-rai.lan" name="Xero_Pack.Xero_Test" tests="1" failures="0" timestamp="2020-03-21T22:52:47 PDT" time="0.949" errors="0">
  <testcase name="TC_1_loginTOXero" time="0.949" classname="Xero_Pack.Xero_Test"/>
</testsuite> <!-- Xero_Pack.Xero_Test -->
